#
# There is insufficient memory for the Java Runtime Environment to continue.
# Native memory allocation (malloc) failed to allocate 698336 bytes for Chunk::new
# Possible reasons:
#   The system is out of physical RAM or swap space
#   In 32 bit mode, the process size limit was hit
# Possible solutions:
#   Reduce memory load on the system
#   Increase physical memory or swap space
#   Check if swap backing store is full
#   Use 64 bit Java on a 64 bit OS
#   Decrease Java heap size (-Xmx/-Xms)
#   Decrease number of Java threads
#   Decrease Java thread stack sizes (-Xss)
#   Set larger code cache with -XX:ReservedCodeCacheSize=
# This output file may be truncated or incomplete.
#
#  Out of Memory Error (allocation.cpp:390), pid=1576, tid=0x0000000000001a84
#
# JRE version: Java(TM) SE Runtime Environment (8.0_121-b13) (build 1.8.0_121-b13)
# Java VM: Java HotSpot(TM) 64-Bit Server VM (25.121-b13 mixed mode windows-amd64 compressed oops)
# Failed to write core dump. Minidumps are not enabled by default on client versions of Windows
#

---------------  T H R E A D  ---------------

Current thread (0x000000001de2a800):  JavaThread "C2 CompilerThread0" daemon [_thread_in_native, id=6788, stack(0x000000001ed80000,0x000000001ee80000)]

Stack: [0x000000001ed80000,0x000000001ee80000]
[error occurred during error reporting (printing stack bounds), id 0xc0000005]

Native frames: (J=compiled Java code, j=interpreted, Vv=VM code, C=native code)


Current CompileTask:
C2: 659435 15903       4       java.lang.Class::privateGetMethodRecursive (130 bytes)


---------------  P R O C E S S  ---------------

Java Threads: ( => current thread )
  0x0000000020873000 JavaThread "pool-23-thread-2" [_thread_blocked, id=1804, stack(0x0000000038570000,0x0000000038670000)]
  0x0000000020878800 JavaThread "pool-23-thread-1" [_thread_blocked, id=3740, stack(0x0000000038470000,0x0000000038570000)]
  0x0000000020371000 JavaThread "Java2D Disposer" daemon [_thread_blocked, id=2024, stack(0x0000000028ab0000,0x0000000028bb0000)]
  0x0000000020368800 JavaThread "Memory manager" [_thread_blocked, id=8908, stack(0x00000000260e0000,0x00000000261e0000)]
  0x000000002036b800 JavaThread "pool-1-thread-1" [_thread_blocked, id=8824, stack(0x0000000025de0000,0x0000000025ee0000)]
  0x00000000201ef000 JavaThread "Stdin handler" [_thread_blocked, id=3384, stack(0x0000000025460000,0x0000000025560000)]
  0x00000000201ed000 JavaThread "Asynchronous log dispatcher for DefaultDaemonConnection: socket connection from /127.0.0.1:61839 to /127.0.0.1:61878" [_thread_blocked, id=4608, stack(0x0000000025360000,0x0000000025460000)]
  0x00000000201f4000 JavaThread "Cancel handler" [_thread_blocked, id=6588, stack(0x0000000025260000,0x0000000025360000)]
  0x00000000201f3800 JavaThread "Handler for socket connection from /127.0.0.1:61839 to /127.0.0.1:61878" [_thread_in_native, id=5200, stack(0x0000000025160000,0x0000000025260000)]
  0x00000000201f2000 JavaThread "Cache worker for Artifact transforms cache (G:\Programs\gradle-3.5-rc-3-cache\caches\transforms-1)" [_thread_blocked, id=3124, stack(0x0000000024a60000,0x0000000024b60000)]
  0x00000000201f1000 JavaThread "File lock request listener" [_thread_in_native, id=6940, stack(0x0000000021fc0000,0x00000000220c0000)]
  0x00000000201f2800 JavaThread "Cache worker for file hash cache (G:\Programs\gradle-3.5-rc-3-cache\caches\3.5-rc-3\fileHashes)" [_thread_blocked, id=2788, stack(0x0000000021ec0000,0x0000000021fc0000)]
  0x0000000020465800 JavaThread "Daemon worker" [_thread_in_native, id=1280, stack(0x0000000021bc0000,0x0000000021cc0000)]
  0x00000000201ce800 JavaThread "Daemon" [_thread_blocked, id=3392, stack(0x00000000216c0000,0x00000000217c0000)]
  0x000000001f420800 JavaThread "Daemon periodic checks" [_thread_blocked, id=3916, stack(0x00000000215c0000,0x00000000216c0000)]
  0x00000000204ba000 JavaThread "Incoming local TCP Connector on port 61839" [_thread_in_native, id=4116, stack(0x0000000021390000,0x0000000021490000)]
  0x0000000020002000 JavaThread "Daemon health stats" [_thread_blocked, id=5460, stack(0x0000000021090000,0x0000000021190000)]
  0x000000001de88000 JavaThread "Service Thread" daemon [_thread_blocked, id=700, stack(0x000000001ef80000,0x000000001f080000)]
  0x000000001de82000 JavaThread "C1 CompilerThread1" daemon [_thread_blocked, id=5016, stack(0x000000001ee80000,0x000000001ef80000)]
=>0x000000001de2a800 JavaThread "C2 CompilerThread0" daemon [_thread_in_native, id=6788, stack(0x000000001ed80000,0x000000001ee80000)]
  0x000000001de29000 JavaThread "Attach Listener" daemon [_thread_blocked, id=4228, stack(0x000000001ec80000,0x000000001ed80000)]
  0x000000001de25800 JavaThread "Signal Dispatcher" daemon [_thread_blocked, id=6324, stack(0x000000001eb80000,0x000000001ec80000)]
  0x0000000002442800 JavaThread "Finalizer" daemon [_thread_blocked, id=5516, stack(0x000000001ea80000,0x000000001eb80000)]
  0x000000000243d800 JavaThread "Reference Handler" daemon [_thread_blocked, id=3396, stack(0x000000001e980000,0x000000001ea80000)]
  0x000000000224e800 JavaThread "main" [_thread_blocked, id=5756, stack(0x0000000002050000,0x0000000002150000)]

Other Threads:
  0x000000001ddf5800 VMThread [stack: 0x000000001e880000,0x000000001e980000] [id=8092]
  0x000000001de91000 WatcherThread [stack: 0x000000001f080000,0x000000001f180000] [id=4336]

VM state:not at safepoint (normal execution)

VM Mutex/Monitor currently owned by a thread: None

Heap:
 PSYoungGen      total 701440K, used 418658K [0x0000000755580000, 0x0000000786980000, 0x00000007c0000000)
  eden space 624640K, 59% used [0x0000000755580000,0x000000076bdb4aa8,0x000000077b780000)
  from space 76800K, 64% used [0x0000000781e80000,0x0000000784f23e30,0x0000000786980000)
  to   space 91136K, 0% used [0x000000077b780000,0x000000077b780000,0x0000000781080000)
 ParOldGen       total 297472K, used 185848K [0x0000000680000000, 0x0000000692280000, 0x0000000755580000)
  object space 297472K, 62% used [0x0000000680000000,0x000000068b57e250,0x0000000692280000)
 Metaspace       used 73649K, capacity 75568K, committed 75864K, reserved 1116160K
  class space    used 9417K, capacity 9806K, committed 9856K, reserved 1048576K

Card table byte_map: [0x0000000011810000,0x0000000012220000] byte_map_base: 0x000000000e410000

Marking Bits: (ParMarkBitMap*) 0x0000000065e6b6d0
 Begin Bits: [0x0000000012ad0000, 0x0000000017ad0000)
 End Bits:   [0x0000000017ad0000, 0x000000001cad0000)

Polling page: 0x0000000000820000

CodeCache: size=245760Kb used=43786Kb max_used=47034Kb free=201973Kb
 bounds [0x0000000002450000, 0x0000000005290000, 0x0000000011450000]
 total_blobs=13311 nmethods=12404 adapters=820
 compilation: enabled

Compilation events (10 events):
Event: 659.187 Thread 0x000000001de82000 nmethod 15922 0x0000000004ade410 code [0x0000000004ade5c0, 0x0000000004adebc8]
Event: 659.187 Thread 0x000000001de82000 15923       1       com.google.protobuf.CodedOutputStream::access$100 (4 bytes)
Event: 659.187 Thread 0x000000001de82000 nmethod 15923 0x0000000004880e90 code [0x0000000004880fe0, 0x00000000048810d0]
Event: 659.187 Thread 0x000000001de82000 15924       1       com.google.protobuf.CodedOutputStream::access$200 (4 bytes)
Event: 659.187 Thread 0x000000001de82000 nmethod 15924 0x0000000004ad8e90 code [0x0000000004ad8fe0, 0x0000000004ad90d0]
Event: 659.187 Thread 0x000000001de82000 15925       3       com.google.protobuf.CodedOutputStream$AbstractBufferedEncoder::bufferUInt64NoTag (198 bytes)
Event: 659.188 Thread 0x000000001de82000 nmethod 15925 0x000000000475e5d0 code [0x000000000475e760, 0x000000000475ebb0]
Event: 659.188 Thread 0x000000001de82000 15926       3       com.google.protobuf.CodedOutputStream$OutputStreamEncoder::writeTag (10 bytes)
Event: 659.188 Thread 0x000000001de82000 nmethod 15926 0x00000000029eef90 code [0x00000000029ef120, 0x00000000029ef678]
Event: 659.222 Thread 0x000000001de82000 15927       1       java.util.Collections$EmptyMap::isEmpty (2 bytes)

GC Heap History (10 events):
Event: 636.740 GC heap before
{Heap before GC invocations=35 (full 5):
 PSYoungGen      total 562176K, used 516608K [0x0000000755580000, 0x0000000786e80000, 0x00000007c0000000)
  eden space 516608K, 100% used [0x0000000755580000,0x0000000774e00000,0x0000000774e00000)
  from space 45568K, 0% used [0x0000000774e00000,0x0000000774e00000,0x0000000777a80000)
  to   space 81920K, 0% used [0x0000000781e80000,0x0000000781e80000,0x0000000786e80000)
 ParOldGen       total 297472K, used 161472K [0x0000000680000000, 0x0000000692280000, 0x0000000755580000)
  object space 297472K, 54% used [0x0000000680000000,0x0000000689db0190,0x0000000692280000)
 Metaspace       used 73119K, capacity 75060K, committed 75352K, reserved 1114112K
  class space    used 9367K, capacity 9766K, committed 9856K, reserved 1048576K
Event: 637.026 GC heap after
Heap after GC invocations=35 (full 5):
 PSYoungGen      total 701440K, used 65352K [0x0000000755580000, 0x0000000786980000, 0x00000007c0000000)
  eden space 624640K, 0% used [0x0000000755580000,0x0000000755580000,0x000000077b780000)
  from space 76800K, 85% used [0x0000000781e80000,0x0000000785e523d8,0x0000000786980000)
  to   space 91136K, 0% used [0x000000077b780000,0x000000077b780000,0x0000000781080000)
 ParOldGen       total 297472K, used 161472K [0x0000000680000000, 0x0000000692280000, 0x0000000755580000)
  object space 297472K, 54% used [0x0000000680000000,0x0000000689db0190,0x0000000692280000)
 Metaspace       used 73119K, capacity 75060K, committed 75352K, reserved 1114112K
  class space    used 9367K, capacity 9766K, committed 9856K, reserved 1048576K
}
Event: 641.047 GC heap before
{Heap before GC invocations=36 (full 5):
 PSYoungGen      total 701440K, used 689303K [0x0000000755580000, 0x0000000786980000, 0x00000007c0000000)
  eden space 624640K, 99% used [0x0000000755580000,0x000000077b6d39e0,0x000000077b780000)
  from space 76800K, 85% used [0x0000000781e80000,0x0000000785e523d8,0x0000000786980000)
  to   space 91136K, 0% used [0x000000077b780000,0x000000077b780000,0x0000000781080000)
 ParOldGen       total 297472K, used 161472K [0x0000000680000000, 0x0000000692280000, 0x0000000755580000)
  object space 297472K, 54% used [0x0000000680000000,0x0000000689db0190,0x0000000692280000)
 Metaspace       used 73122K, capacity 75060K, committed 75352K, reserved 1114112K
  class space    used 9367K, capacity 9766K, committed 9856K, reserved 1048576K
Event: 641.380 GC heap after
Heap after GC invocations=36 (full 5):
 PSYoungGen      total 715776K, used 12117K [0x0000000755580000, 0x0000000786980000, 0x00000007c0000000)
  eden space 624640K, 0% used [0x0000000755580000,0x0000000755580000,0x000000077b780000)
  from space 91136K, 13% used [0x000000077b780000,0x000000077c355650,0x0000000781080000)
  to   space 76800K, 0% used [0x0000000781e80000,0x0000000781e80000,0x0000000786980000)
 ParOldGen       total 297472K, used 175166K [0x0000000680000000, 0x0000000692280000, 0x0000000755580000)
  object space 297472K, 58% used [0x0000000680000000,0x000000068ab0fb10,0x0000000692280000)
 Metaspace       used 73122K, capacity 75060K, committed 75352K, reserved 1114112K
  class space    used 9367K, capacity 9766K, committed 9856K, reserved 1048576K
}
Event: 650.295 GC heap before
{Heap before GC invocations=37 (full 5):
 PSYoungGen      total 715776K, used 636757K [0x0000000755580000, 0x0000000786980000, 0x00000007c0000000)
  eden space 624640K, 100% used [0x0000000755580000,0x000000077b780000,0x000000077b780000)
  from space 91136K, 13% used [0x000000077b780000,0x000000077c355650,0x0000000781080000)
  to   space 76800K, 0% used [0x0000000781e80000,0x0000000781e80000,0x0000000786980000)
 ParOldGen       total 297472K, used 175166K [0x0000000680000000, 0x0000000692280000, 0x0000000755580000)
  object space 297472K, 58% used [0x0000000680000000,0x000000068ab0fb10,0x0000000692280000)
 Metaspace       used 73124K, capacity 75060K, committed 75352K, reserved 1114112K
  class space    used 9367K, capacity 9766K, committed 9856K, reserved 1048576K
Event: 650.473 GC heap after
Heap after GC invocations=37 (full 5):
 PSYoungGen      total 701440K, used 8084K [0x0000000755580000, 0x0000000786980000, 0x00000007c0000000)
  eden space 624640K, 0% used [0x0000000755580000,0x0000000755580000,0x000000077b780000)
  from space 76800K, 10% used [0x0000000781e80000,0x00000007826652f0,0x0000000786980000)
  to   space 91136K, 0% used [0x000000077b780000,0x000000077b780000,0x0000000781080000)
 ParOldGen       total 297472K, used 177924K [0x0000000680000000, 0x0000000692280000, 0x0000000755580000)
  object space 297472K, 59% used [0x0000000680000000,0x000000068adc10f8,0x0000000692280000)
 Metaspace       used 73124K, capacity 75060K, committed 75352K, reserved 1114112K
  class space    used 9367K, capacity 9766K, committed 9856K, reserved 1048576K
}
Event: 654.485 GC heap before
{Heap before GC invocations=38 (full 5):
 PSYoungGen      total 701440K, used 632601K [0x0000000755580000, 0x0000000786980000, 0x00000007c0000000)
  eden space 624640K, 99% used [0x0000000755580000,0x000000077b761378,0x000000077b780000)
  from space 76800K, 10% used [0x0000000781e80000,0x00000007826652f0,0x0000000786980000)
  to   space 91136K, 0% used [0x000000077b780000,0x000000077b780000,0x0000000781080000)
 ParOldGen       total 297472K, used 177924K [0x0000000680000000, 0x0000000692280000, 0x0000000755580000)
  object space 297472K, 59% used [0x0000000680000000,0x000000068adc10f8,0x0000000692280000)
 Metaspace       used 73128K, capacity 75060K, committed 75352K, reserved 1114112K
  class space    used 9368K, capacity 9766K, committed 9856K, reserved 1048576K
Event: 654.595 GC heap after
Heap after GC invocations=38 (full 5):
 PSYoungGen      total 715776K, used 25628K [0x0000000755580000, 0x0000000786980000, 0x00000007c0000000)
  eden space 624640K, 0% used [0x0000000755580000,0x0000000755580000,0x000000077b780000)
  from space 91136K, 28% used [0x000000077b780000,0x000000077d0871d8,0x0000000781080000)
  to   space 76800K, 0% used [0x0000000781e80000,0x0000000781e80000,0x0000000786980000)
 ParOldGen       total 297472K, used 181794K [0x0000000680000000, 0x0000000692280000, 0x0000000755580000)
  object space 297472K, 61% used [0x0000000680000000,0x000000068b188a88,0x0000000692280000)
 Metaspace       used 73128K, capacity 75060K, committed 75352K, reserved 1114112K
  class space    used 9368K, capacity 9766K, committed 9856K, reserved 1048576K
}
Event: 657.754 GC heap before
{Heap before GC invocations=39 (full 5):
 PSYoungGen      total 715776K, used 650243K [0x0000000755580000, 0x0000000786980000, 0x00000007c0000000)
  eden space 624640K, 99% used [0x0000000755580000,0x000000077b779cb8,0x000000077b780000)
  from space 91136K, 28% used [0x000000077b780000,0x000000077d0871d8,0x0000000781080000)
  to   space 76800K, 0% used [0x0000000781e80000,0x0000000781e80000,0x0000000786980000)
 ParOldGen       total 297472K, used 181794K [0x0000000680000000, 0x0000000692280000, 0x0000000755580000)
  object space 297472K, 61% used [0x0000000680000000,0x000000068b188a88,0x0000000692280000)
 Metaspace       used 73149K, capacity 75060K, committed 75352K, reserved 1114112K
  class space    used 9369K, capacity 9766K, committed 9856K, reserved 1048576K
Event: 657.864 GC heap after
Heap after GC invocations=39 (full 5):
 PSYoungGen      total 701440K, used 49807K [0x0000000755580000, 0x0000000786980000, 0x00000007c0000000)
  eden space 624640K, 0% used [0x0000000755580000,0x0000000755580000,0x000000077b780000)
  from space 76800K, 64% used [0x0000000781e80000,0x0000000784f23e30,0x0000000786980000)
  to   space 91136K, 0% used [0x000000077b780000,0x000000077b780000,0x0000000781080000)
 ParOldGen       total 297472K, used 185848K [0x0000000680000000, 0x0000000692280000, 0x0000000755580000)
  object space 297472K, 62% used [0x0000000680000000,0x000000068b57e250,0x0000000692280000)
 Metaspace       used 73149K, capacity 75060K, committed 75352K, reserved 1114112K
  class space    used 9369K, capacity 9766K, committed 9856K, reserved 1048576K
}

Deoptimization events (10 events):
Event: 656.944 Thread 0x0000000020871800 Uncommon trap: reason=unstable_if action=reinterpret pc=0x0000000004b0f410 method=java.util.concurrent.ConcurrentHashMap.addCount(JI)V @ 34
Event: 656.962 Thread 0x0000000020871800 Uncommon trap: reason=unstable_if action=reinterpret pc=0x0000000002b02c7c method=java.util.concurrent.ConcurrentHashMap.addCount(JI)V @ 7
Event: 658.637 Thread 0x000000002036f800 Uncommon trap: reason=unstable_if action=reinterpret pc=0x00000000051fd37c method=java.util.concurrent.FutureTask.run()V @ 66
Event: 658.637 Thread 0x0000000020368000 Uncommon trap: reason=unstable_if action=reinterpret pc=0x0000000005218820 method=java.util.concurrent.FutureTask.report(I)Ljava/lang/Object; @ 7
Event: 658.643 Thread 0x000000002036e800 Uncommon trap: reason=unstable_if action=reinterpret pc=0x0000000004ea629c method=com.google.common.util.concurrent.AbstractFuture.get()Ljava/lang/Object; @ 3
Event: 658.659 Thread 0x000000002036f800 Uncommon trap: reason=class_check action=maybe_recompile pc=0x0000000004b2e81c method=java.util.concurrent.ThreadPoolExecutor.getTask()Ljava/lang/Runnable; @ 29
Event: 658.705 Thread 0x000000002036d000 Uncommon trap: reason=class_check action=maybe_recompile pc=0x0000000002cd4100 method=java.util.concurrent.locks.ReentrantLock.lock()V @ 4
Event: 658.712 Thread 0x000000002036e800 Uncommon trap: reason=class_check action=maybe_recompile pc=0x0000000004b2e81c method=java.util.concurrent.ThreadPoolExecutor.getTask()Ljava/lang/Runnable; @ 29
Event: 658.720 Thread 0x0000000020374000 Uncommon trap: reason=class_check action=maybe_recompile pc=0x0000000002cd4100 method=java.util.concurrent.locks.ReentrantLock.lock()V @ 4
Event: 658.763 Thread 0x000000002036a000 Uncommon trap: reason=class_check action=maybe_recompile pc=0x0000000002cd4100 method=java.util.concurrent.locks.ReentrantLock.lock()V @ 4

Internal exceptions (10 events):
Event: 658.492 Thread 0x000000002036e800 Exception <a 'java/lang/OutOfMemoryError'> (0x000000076570bb48) thrown at [C:\re\workspace\8-2-build-windows-amd64-cygwin\jdk8u121\8372\hotspot\src\share\vm\prims\jni.cpp, line 735]
Event: 658.499 Thread 0x000000002036f800 Exception <a 'sun/nio/fs/WindowsException'> (0x00000007653d3868) thrown at [C:\re\workspace\8-2-build-windows-amd64-cygwin\jdk8u121\8372\hotspot\src\share\vm\prims\jni.cpp, line 709]
Event: 658.499 Thread 0x000000002036f800 Exception <a 'sun/nio/fs/WindowsException'> (0x00000007653d4208) thrown at [C:\re\workspace\8-2-build-windows-amd64-cygwin\jdk8u121\8372\hotspot\src\share\vm\prims\jni.cpp, line 709]
Event: 658.499 Thread 0x000000002036f800 Exception <a 'sun/nio/fs/WindowsException'> (0x00000007653d4b28) thrown at [C:\re\workspace\8-2-build-windows-amd64-cygwin\jdk8u121\8372\hotspot\src\share\vm\prims\jni.cpp, line 709]
Event: 658.517 Thread 0x000000002036f800 Exception <a 'java/lang/OutOfMemoryError'> (0x00000007655d1f30) thrown at [C:\re\workspace\8-2-build-windows-amd64-cygwin\jdk8u121\8372\hotspot\src\share\vm\prims\jni.cpp, line 735]
Event: 658.637 Thread 0x0000000020368000 Exception <a 'java/lang/reflect/InvocationTargetException'> (0x000000076b1da148) thrown at [C:\re\workspace\8-2-build-windows-amd64-cygwin\jdk8u121\8372\hotspot\src\share\vm\runtime\reflection.cpp, line 1092]
Event: 659.064 Thread 0x0000000020465800 Exception <a 'sun/nio/fs/WindowsException'> (0x000000076b3dd9e8) thrown at [C:\re\workspace\8-2-build-windows-amd64-cygwin\jdk8u121\8372\hotspot\src\share\vm\prims\jni.cpp, line 709]
Event: 659.064 Thread 0x0000000020465800 Exception <a 'sun/nio/fs/WindowsException'> (0x000000076b3de348) thrown at [C:\re\workspace\8-2-build-windows-amd64-cygwin\jdk8u121\8372\hotspot\src\share\vm\prims\jni.cpp, line 709]
Event: 659.064 Thread 0x0000000020465800 Exception <a 'sun/nio/fs/WindowsException'> (0x000000076b3dea68) thrown at [C:\re\workspace\8-2-build-windows-amd64-cygwin\jdk8u121\8372\hotspot\src\share\vm\prims\jni.cpp, line 709]
Event: 659.064 Thread 0x0000000020465800 Exception <a 'sun/nio/fs/WindowsException'> (0x000000076b3df7a0) thrown at [C:\re\workspace\8-2-build-windows-amd64-cygwin\jdk8u121\8372\hotspot\src\share\vm\prims\jni.cpp, line 709]

Events (10 events):
Event: 659.219 loading class com/google/protobuf/ByteString$ByteIterator
Event: 659.219 loading class com/google/protobuf/ByteString$ByteIterator done
Event: 659.219 loading class com/google/protobuf/ByteString$BoundedByteString
Event: 659.219 loading class com/google/protobuf/ByteString$BoundedByteString done
Event: 659.220 loading class com/google/protobuf/Internal
Event: 659.220 loading class com/google/protobuf/Internal done
Event: 659.221 loading class android/content/Context
Event: 659.221 loading class android/content/Context done
Event: 659.221 loading class com/google/protobuf/ByteString$ArraysByteArrayCopier
Event: 659.221 loading class com/google/protobuf/ByteString$ArraysByteArrayCopier done


Dynamic libraries:
0x00007ff6e0520000 - 0x00007ff6e0557000 	C:\Program Files\Java\jdk1.8.0_121\bin\java.exe
0x00007fff4ef50000 - 0x00007fff4f121000 	C:\Windows\SYSTEM32\ntdll.dll
0x00007fff4c4e0000 - 0x00007fff4c58b000 	C:\Windows\System32\KERNEL32.DLL
0x00007fff4b940000 - 0x00007fff4bb5d000 	C:\Windows\System32\KERNELBASE.dll
0x00007fff4d840000 - 0x00007fff4d8e2000 	C:\Windows\System32\ADVAPI32.dll
0x00007fff4ca10000 - 0x00007fff4caae000 	C:\Windows\System32\msvcrt.dll
0x00007fff4d540000 - 0x00007fff4d599000 	C:\Windows\System32\sechost.dll
0x00007fff4d410000 - 0x00007fff4d531000 	C:\Windows\System32\RPCRT4.dll
0x00007fff4d020000 - 0x00007fff4d185000 	C:\Windows\System32\USER32.dll
0x00007fff4bc10000 - 0x00007fff4bc2e000 	C:\Windows\System32\win32u.dll
0x00007fff4d190000 - 0x00007fff4d1c4000 	C:\Windows\System32\GDI32.dll
0x00007fff4b7b0000 - 0x00007fff4b932000 	C:\Windows\System32\gdi32full.dll
0x00007fff41de0000 - 0x00007fff42059000 	C:\Windows\WinSxS\amd64_microsoft.windows.common-controls_6595b64144ccf1df_6.0.14393.0_none_2d0f50fcbdb171b8\COMCTL32.dll
0x00007fff4c5e0000 - 0x00007fff4c8a7000 	C:\Windows\System32\combase.dll
0x00007fff4b4e0000 - 0x00007fff4b5d5000 	C:\Windows\System32\ucrtbase.dll
0x00007fff4b630000 - 0x00007fff4b69a000 	C:\Windows\System32\bcryptPrimitives.dll
0x00007fff4c5b0000 - 0x00007fff4c5de000 	C:\Windows\System32\IMM32.DLL
0x0000000065ef0000 - 0x0000000065fc2000 	C:\Program Files\Java\jdk1.8.0_121\jre\bin\msvcr100.dll
0x0000000065650000 - 0x0000000065eeb000 	C:\Program Files\Java\jdk1.8.0_121\jre\bin\server\jvm.dll
0x00007fff4d400000 - 0x00007fff4d408000 	C:\Windows\System32\PSAPI.DLL
0x00007fff437a0000 - 0x00007fff437a9000 	C:\Windows\SYSTEM32\WSOCK32.dll
0x00007fff4d290000 - 0x00007fff4d2fa000 	C:\Windows\System32\WS2_32.dll
0x00007fff498d0000 - 0x00007fff498f3000 	C:\Windows\SYSTEM32\WINMM.dll
0x00007fff40fd0000 - 0x00007fff40fda000 	C:\Windows\SYSTEM32\VERSION.dll
0x00007fff49870000 - 0x00007fff4989b000 	C:\Windows\SYSTEM32\WINMMBASE.dll
0x00007fff4b5e0000 - 0x00007fff4b622000 	C:\Windows\System32\cfgmgr32.dll
0x0000000065640000 - 0x000000006564f000 	C:\Program Files\Java\jdk1.8.0_121\jre\bin\verify.dll
0x0000000065610000 - 0x0000000065639000 	C:\Program Files\Java\jdk1.8.0_121\jre\bin\java.dll
0x00000000655f0000 - 0x0000000065606000 	C:\Program Files\Java\jdk1.8.0_121\jre\bin\zip.dll
0x00007fff4da30000 - 0x00007fff4ef38000 	C:\Windows\System32\SHELL32.dll
0x00007fff4be00000 - 0x00007fff4c4da000 	C:\Windows\System32\windows.storage.dll
0x00007fff4b490000 - 0x00007fff4b4dc000 	C:\Windows\System32\powrprof.dll
0x00007fff4d9d0000 - 0x00007fff4da22000 	C:\Windows\System32\shlwapi.dll
0x00007fff4b460000 - 0x00007fff4b46f000 	C:\Windows\System32\kernel.appcore.dll
0x00007fff4b6a0000 - 0x00007fff4b749000 	C:\Windows\System32\shcore.dll
0x00007fff4b470000 - 0x00007fff4b484000 	C:\Windows\System32\profapi.dll
0x00000000655d0000 - 0x00000000655ea000 	C:\Program Files\Java\jdk1.8.0_121\jre\bin\net.dll
0x00007fff4ad20000 - 0x00007fff4ad7c000 	C:\Windows\system32\mswsock.dll
0x00000000655b0000 - 0x00000000655c1000 	C:\Program Files\Java\jdk1.8.0_121\jre\bin\nio.dll
0x00007fff3beb0000 - 0x00007fff3bece000 	G:\Programs\gradle-3.5-rc-3-cache\native\25\windows-amd64\native-platform.dll
0x00007fff4aec0000 - 0x00007fff4aed7000 	C:\Windows\SYSTEM32\CRYPTSP.dll
0x00007fff4a930000 - 0x00007fff4a963000 	C:\Windows\system32\rsaenh.dll
0x00007fff4b390000 - 0x00007fff4b3bb000 	C:\Windows\SYSTEM32\bcrypt.dll
0x00007fff4abb0000 - 0x00007fff4abcf000 	C:\Windows\SYSTEM32\USERENV.dll
0x00007fff4aee0000 - 0x00007fff4aeeb000 	C:\Windows\SYSTEM32\CRYPTBASE.dll
0x00007fff4aab0000 - 0x00007fff4aae8000 	C:\Windows\SYSTEM32\IPHLPAPI.DLL
0x00007fff4ef40000 - 0x00007fff4ef48000 	C:\Windows\System32\NSI.dll
0x00007fff46460000 - 0x00007fff46476000 	C:\Windows\SYSTEM32\dhcpcsvc6.DLL
0x00007fff465a0000 - 0x00007fff465ba000 	C:\Windows\SYSTEM32\dhcpcsvc.DLL
0x00000000655a0000 - 0x00000000655ad000 	C:\Program Files\Java\jdk1.8.0_121\jre\bin\management.dll
0x0000000065570000 - 0x0000000065594000 	C:\Program Files\Java\jdk1.8.0_121\jre\bin\sunec.dll
0x00007fff4aaf0000 - 0x00007fff4ab90000 	C:\Windows\SYSTEM32\DNSAPI.dll
0x00007fff422c0000 - 0x00007fff422ca000 	C:\Windows\System32\rasadhlp.dll
0x00007fff45710000 - 0x00007fff4577a000 	C:\Windows\System32\fwpuclnt.dll
0x0000000065560000 - 0x000000006556b000 	C:\Program Files\Java\jdk1.8.0_121\jre\bin\sunmscapi.dll
0x00007fff4bc30000 - 0x00007fff4bdf8000 	C:\Windows\System32\CRYPT32.dll
0x00007fff4b450000 - 0x00007fff4b460000 	C:\Windows\System32\MSASN1.dll
0x00000000653c0000 - 0x0000000065558000 	C:\Program Files\Java\jdk1.8.0_121\jre\bin\awt.dll
0x00007fff4d1d0000 - 0x00007fff4d28c000 	C:\Windows\System32\OLEAUT32.dll
0x00007fff49930000 - 0x00007fff499aa000 	C:\Windows\SYSTEM32\apphelp.dll
0x00007fff497e0000 - 0x00007fff49806000 	C:\Windows\system32\DWMAPI.DLL
0x00007fff49c30000 - 0x00007fff49cc5000 	C:\Windows\system32\uxtheme.dll
0x0000000065390000 - 0x00000000653ba000 	C:\Program Files\Java\jdk1.8.0_121\jre\bin\dcpr.dll
0x00007fff4a7f0000 - 0x00007fff4a822000 	C:\Windows\SYSTEM32\ntmarta.dll

VM Arguments:
jvm_args: -XX:MaxPermSize=512m -XX:+HeapDumpOnOutOfMemoryError -Xmx5120m -Dfile.encoding=UTF-8 -Duser.country=IN -Duser.language=en -Duser.variant 
java_command: org.gradle.launcher.daemon.bootstrap.GradleDaemon 3.5-rc-3
java_class_path (initial): G:\Programs\gradle-3.5-rc-3\lib\gradle-launcher-3.5.jar
Launcher Type: SUN_STANDARD

Environment Variables:
CLASSPATH=G:\Programs\gradle-3.5-rc-3\bin\..\lib\gradle-launcher-3.5.jar
PATH=G:\Programs\gradle-3.5-rc-3\bin;G:\Programs\aria2-1.31.0-win-64bit-build1;C:\Program Files\Java\jdk1.8.0_121\bin;C:\Programs\Binaries-LuaDist-batteries-0.9.8-Windows-x86\bin;C:\Programs\Axel2.4;C:\ProgramData\Oracle\Java\javapath;C:\Windows\system32;C:\Windows;C:\Windows\System32\Wbem;C:\Windows\System32\WindowsPowerShell\v1.0\;C:\Program Files\Git\cmd;C:\Program Files\nodejs\;C:\Users\dk\AppData\Local\Microsoft\WindowsApps;C:\Users\dk\AppData\Roaming\npm
USERNAME=dk
OS=Windows_NT
PROCESSOR_IDENTIFIER=Intel64 Family 6 Model 23 Stepping 10, GenuineIntel



---------------  S Y S T E M  ---------------

OS: Windows 10.0 , 64 bit Build 14393 (10.0.14393.0)

CPU:total 2 (2 cores per cpu, 1 threads per core) family 6 model 23 stepping 10, cmov, cx8, fxsr, mmx, sse, sse2, sse3, ssse3, tsc

Memory: 4k page, physical 6255732k(641204k free), swap 7681220k(584k free)

vm_info: Java HotSpot(TM) 64-Bit Server VM (25.121-b13) for windows-amd64 JRE (1.8.0_121-b13), built on Dec 12 2016 18:21:36 by "java_re" with MS VC++ 10.0 (VS2010)

time: Sun May 14 22:43:22 2017
elapsed time: 659 seconds (0d 0h 10m 59s)

